2025-08-08 15:40:51,824 - excel_parser - INFO - Starting to parse NIT Excel file: C:\Users\Rajkumar\AppData\Local\Temp\tmp6xorbwqx.xlsx
2025-08-08 15:40:51,824 - excel_parser - INFO - Reading Excel file...
2025-08-08 15:40:52,180 - excel_parser - INFO - Excel file read successfully. Shape: (6, 6)
2025-08-08 15:40:52,187 - excel_parser - INFO - Extracted metadata - NIT: 03/2025-26, Date: 2025-05-06 00:00:00
2025-08-08 15:40:52,187 - excel_parser - INFO - Receipt Date: 2025-05-21 00:00:00, Opening Date: 2025-05-21 00:00:00
2025-08-08 15:40:52,187 - excel_parser - INFO - Reading work data from Excel...
2025-08-08 15:40:52,193 - excel_parser - INFO - Work data read successfully. Shape: (1, 6)
2025-08-08 15:40:52,193 - excel_parser - INFO - Available columns: ['ITEM NO.', 'NAME OF WORK', 'ESTIMATED COST RS. IN LACS', 'G-SCHEDULE AMOUNT RS', 'TIME OF COMPLETION IN MONTH', 'EARNEST MONEY RS.']
2025-08-08 15:40:52,195 - excel_parser - INFO - Successfully parsed 1 work items from NIT document
2025-08-08 15:40:52,197 - root - ERROR - Error processing NIT file: 'list' object has no attribute 'get'
2025-08-08 15:48:21,870 - excel_parser - INFO - Starting to parse NIT Excel file: C:\Users\Rajkumar\AppData\Local\Temp\tmp0zq7mn80.xlsx
2025-08-08 15:48:21,871 - excel_parser - INFO - Reading Excel file...
2025-08-08 15:48:22,039 - excel_parser - INFO - Excel file read successfully. Shape: (6, 6)
2025-08-08 15:48:22,041 - excel_parser - INFO - Extracted metadata - NIT: 03/2025-26, Date: 2025-05-06 00:00:00
2025-08-08 15:48:22,041 - excel_parser - INFO - Receipt Date: 2025-05-21 00:00:00, Opening Date: 2025-05-21 00:00:00
2025-08-08 15:48:22,042 - excel_parser - INFO - Reading work data from Excel...
2025-08-08 15:48:22,046 - excel_parser - INFO - Work data read successfully. Shape: (1, 6)
2025-08-08 15:48:22,046 - excel_parser - INFO - Available columns: ['ITEM NO.', 'NAME OF WORK', 'ESTIMATED COST RS. IN LACS', 'G-SCHEDULE AMOUNT RS', 'TIME OF COMPLETION IN MONTH', 'EARNEST MONEY RS.']
2025-08-08 15:48:22,047 - excel_parser - INFO - Successfully parsed 1 work items from NIT document
2025-08-08 15:48:22,052 - root - ERROR - Error processing NIT file: 'name'
2025-08-08 19:56:54,939 - excel_parser - INFO - Starting to parse NIT Excel file: C:\Users\Rajkumar\AppData\Local\Temp\tmpz1x50xeo.xlsx
2025-08-08 19:56:54,940 - excel_parser - INFO - Reading Excel file...
2025-08-08 19:56:55,117 - excel_parser - INFO - Excel file read successfully. Shape: (6, 6)
2025-08-08 19:56:55,120 - excel_parser - INFO - Extracted metadata - NIT: 03/2025-26, Date: 2025-05-06 00:00:00
2025-08-08 19:56:55,120 - excel_parser - INFO - Receipt Date: 2025-05-21 00:00:00, Opening Date: 2025-05-21 00:00:00
2025-08-08 19:56:55,121 - excel_parser - INFO - Reading work data from Excel...
2025-08-08 19:56:55,126 - excel_parser - INFO - Work data read successfully. Shape: (1, 6)
2025-08-08 19:56:55,126 - excel_parser - INFO - Available columns: ['ITEM NO.', 'NAME OF WORK', 'ESTIMATED COST RS. IN LACS', 'G-SCHEDULE AMOUNT RS', 'TIME OF COMPLETION IN MONTH', 'EARNEST MONEY RS.']
2025-08-08 19:56:55,126 - excel_parser - INFO - Successfully parsed 1 work items from NIT document
2025-08-08 19:56:55,132 - root - ERROR - Error processing NIT file: 'name'
2025-08-08 19:58:50,086 - excel_parser - INFO - Starting to parse NIT Excel file: C:\Users\Rajkumar\AppData\Local\Temp\tmp20l8hl8w.xlsx
2025-08-08 19:58:50,086 - excel_parser - INFO - Reading Excel file...
2025-08-08 19:58:50,268 - excel_parser - INFO - Excel file read successfully. Shape: (6, 6)
2025-08-08 19:58:50,271 - excel_parser - INFO - Extracted metadata - NIT: 03/2025-26, Date: 2025-05-06 00:00:00
2025-08-08 19:58:50,271 - excel_parser - INFO - Receipt Date: 2025-05-21 00:00:00, Opening Date: 2025-05-21 00:00:00
2025-08-08 19:58:50,271 - excel_parser - INFO - Reading work data from Excel...
2025-08-08 19:58:50,276 - excel_parser - INFO - Work data read successfully. Shape: (1, 6)
2025-08-08 19:58:50,276 - excel_parser - INFO - Available columns: ['ITEM NO.', 'NAME OF WORK', 'ESTIMATED COST RS. IN LACS', 'G-SCHEDULE AMOUNT RS', 'TIME OF COMPLETION IN MONTH', 'EARNEST MONEY RS.']
2025-08-08 19:58:50,277 - excel_parser - INFO - Successfully parsed 1 work items from NIT document
2025-08-08 19:58:50,283 - root - ERROR - Error processing NIT file: 'name'
2025-08-08 20:02:53,115 - excel_parser - INFO - Starting to parse NIT Excel file: C:\Users\Rajkumar\AppData\Local\Temp\tmp_7luwr7c.xlsx
2025-08-08 20:02:53,115 - excel_parser - INFO - Reading Excel file...
2025-08-08 20:02:53,294 - excel_parser - INFO - Excel file read successfully. Shape: (6, 6)
2025-08-08 20:02:53,296 - excel_parser - INFO - Extracted metadata - NIT: 03/2025-26, Date: 2025-05-06 00:00:00
2025-08-08 20:02:53,296 - excel_parser - INFO - Receipt Date: 2025-05-21 00:00:00, Opening Date: 2025-05-21 00:00:00
2025-08-08 20:02:53,296 - excel_parser - INFO - Reading work data from Excel...
2025-08-08 20:02:53,302 - excel_parser - INFO - Work data read successfully. Shape: (1, 6)
2025-08-08 20:02:53,302 - excel_parser - INFO - Available columns: ['ITEM NO.', 'NAME OF WORK', 'ESTIMATED COST RS. IN LACS', 'G-SCHEDULE AMOUNT RS', 'TIME OF COMPLETION IN MONTH', 'EARNEST MONEY RS.']
2025-08-08 20:02:53,302 - excel_parser - INFO - Successfully parsed 1 work items from NIT document
2025-08-08 20:02:53,308 - root - ERROR - Error processing NIT file: 'name'
2025-08-08 19:25:25,742 - pypandoc - INFO - Maybe try:

    sudo apt-get install pandoc

2025-08-08 19:25:25,742 - pypandoc - INFO - See http://johnmacfarlane.net/pandoc/installing.html
for installation options

2025-08-08 19:25:25,742 - pypandoc - INFO - ---------------------------------------------------------------


2025-08-08 19:25:26,225 - pypandoc - INFO - Downloading pandoc from https://github.com/jgm/pandoc/releases/download/3.7.0.2/pandoc-3.7.0.2-1-amd64.deb ...
2025-08-08 19:25:26,383 - pypandoc - INFO - Unpacking pandoc-3.7.0.2-1-amd64.deb to tempfolder...
2025-08-08 19:25:27,148 - pypandoc - INFO - Copying pandoc to /home/ubuntu/bin ...
2025-08-08 19:25:27,353 - pypandoc - INFO - Making /home/ubuntu/bin/pandoc executable...
2025-08-08 19:25:27,353 - pypandoc - INFO - Copying copyright to /home/ubuntu/bin ...
2025-08-08 19:25:27,370 - latex_pdf_generator - INFO - Downloaded local Pandoc binary for conversions
2025-08-08 19:26:26,561 - latex_pdf_generator - ERROR - Error converting LaTeX to HTML: Pandoc died with exitcode "64" during conversion: Error at (line 47, column 1):
unexpected \end
\end{center}
^

